This is pdfTeX, Version 3.1415926-1.40.10 (MiKTeX 2.8) (preloaded format=pdflatex 2010.7.14)  8 SEP 2010 11:06
entering extended mode
**C:/Documents*and*Settings/dasgupta/My*Documents/My*Dropbox/Apples/_latex/tabl
es/locations.tex

("C:/Documents and Settings/dasgupta/My Documents/My Dropbox/Apples/_latex/tabl
es/locations.tex"
LaTeX2e <2009/09/24>
Babel <v3.8l> and hyphenation patterns for english, dumylang, nohyphenation, ge
rman, ngerman, german-x-2009-06-19, ngerman-x-2009-06-19, french, loaded.

! LaTeX Error: Missing \begin{document}.

See the LaTeX manual or LaTeX Companion for explanation.
Type  H <return>  for immediate help.
 ...                                              
                                                  
l.2 		\begin{tabular}
                     {ccc}
? 
! Emergency stop.
 ...                                              
                                                  
l.2 		\begin{tabular}
                     {ccc}
You're in trouble here.  Try typing  <return>  to proceed.
If that doesn't work, type  X <return>  to quit.

 
Here is how much of TeX's memory you used:
 8 strings out of 495269
 470 string characters out of 3180101
 45037 words of memory out of 3000000
 3322 multiletter control sequences out of 15000+200000
 3640 words of font info for 14 fonts, out of 3000000 for 9000
 14 hyphenation exceptions out of 8191
 7i,0n,4p,126b,21s stack positions out of 5000i,500n,10000p,200000b,50000s
!  ==> Fatal error occurred, no output PDF file produced!
